MongoDB unavailable at mongodb://127.0.0.1:27017/task-eleven-store. Falling back to in-memory MongoDB for development.
node:events:496
      throw er; // Unhandled 'error' event
      ^

Error: listen EADDRINUSE: address already in use :::3000
    at Server.setupListenHandle [as _listen2] (node:net:1937:16)
    at listenInCluster (node:net:1994:12)
    at Server.listen (node:net:2099:7)
    at Function.listen (C:\Users\Satyajit\Desktop\projects\task-eleven\backend\node_modules\express\lib\application.js:635:24)
    at startServer (file:///C:/Users/Satyajit/Desktop/projects/task-eleven/backend/index.js:11:9)
    at process.processTicksAndRejections (node:internal/process/task_queues:105:5)
Emitted 'error' event on Server instance at:
    at emitErrorNT (node:net:1973:8)
    at process.processTicksAndRejections (node:internal/process/task_queues:90:21) {
  code: 'EADDRINUSE',
  errno: -4091,
  syscall: 'listen',
  address: '::',
  port: 3000
}

Node.js v22.14.0
